<?xml version="1.0" encoding="utf-8"?><testsuites name="pytest tests"><testsuite name="pytest" errors="0" failures="0" skipped="0" tests="33" time="18.144" timestamp="2026-06-21T14:17:41.086969+00:00" hostname="agent-env-cc4ed2a9-63b5-404d-abb8-2b60dae5c830"><testcase classname="backend.tests.test_backend.TestAuth" name="test_login_success" time="0.140" /><testcase classname="backend.tests.test_backend.TestAuth" name="test_login_wrong_passcode" time="0.130" /><testcase classname="backend.tests.test_backend.TestAuth" name="test_me_requires_auth" time="0.096" /><testcase classname="backend.tests.test_backend.TestAuth" name="test_me_with_token" time="0.271" /><testcase classname="backend.tests.test_backend.TestAuth" name="test_change_passcode_wrong_old" time="0.095" /><testcase classname="backend.tests.test_backend.TestAuth" name="test_change_passcode_invalid_new" time="0.126" /><testcase classname="backend.tests.test_backend.TestAuth" name="test_profile_update_name_dob" time="0.142" /><testcase classname="backend.tests.test_backend.TestEducation" name="test_scholarships_list" time="0.128" /><testcase classname="backend.tests.test_backend.TestEducation" name="test_scholarships_age_filter_explicit" time="0.091" /><testcase classname="backend.tests.test_backend.TestEducation" name="test_portfolio_tips" time="0.087" /><testcase classname="backend.tests.test_backend.TestJob" name="test_companies" time="0.102" /><testcase classname="backend.tests.test_backend.TestJob" name="test_companies_location_filter" time="0.085" /><testcase classname="backend.tests.test_backend.TestJob" name="test_freelance_sites" time="0.087" /><testcase classname="backend.tests.test_backend.TestJob" name="test_trends" time="0.119" /><testcase classname="backend.tests.test_backend.TestInvestment" name="test_market_overview" time="0.409" /><testcase classname="backend.tests.test_backend.TestInvestment" name="test_stocks_id" time="0.133" /><testcase classname="backend.tests.test_backend.TestInvestment" name="test_stocks_global" time="0.089" /><testcase classname="backend.tests.test_backend.TestInvestment" name="test_alternatives" time="0.097" /><testcase classname="backend.tests.test_backend.TestWorld" name="test_world_endpoints[/api/world/news]" time="0.153" /><testcase classname="backend.tests.test_backend.TestWorld" name="test_world_endpoints[/api/world/owid]" time="0.105" /><testcase classname="backend.tests.test_backend.TestWorld" name="test_world_endpoints[/api/world/cities]" time="0.091" /><testcase classname="backend.tests.test_backend.TestWorld" name="test_world_endpoints[/api/world/tech]" time="0.090" /><testcase classname="backend.tests.test_backend.TestWorld" name="test_world_endpoints[/api/world/travel-id]" time="0.107" /><testcase classname="backend.tests.test_backend.TestWorld" name="test_world_endpoints[/api/world/jakarta]" time="0.091" /><testcase classname="backend.tests.test_backend.TestNotes" name="test_notes_requires_auth" time="0.091" /><testcase classname="backend.tests.test_backend.TestNotes" name="test_notes_crud_flow" time="0.333" /><testcase classname="backend.tests.test_backend.TestNotes" name="test_update_nonexistent_note" time="0.099" /><testcase classname="backend.tests.test_backend.TestPush" name="test_public_key" time="0.111" /><testcase classname="backend.tests.test_backend.TestPush" name="test_subscribe_requires_auth" time="0.112" /><testcase classname="backend.tests.test_backend.TestPush" name="test_subscribe_with_auth" time="0.104" /><testcase classname="backend.tests.test_backend.TestAIInsight" name="test_ai_requires_auth" time="0.150" /><testcase classname="backend.tests.test_backend.TestAIInsight" name="test_ai_insight_scholarship" time="13.888" /><testcase classname="backend.tests.test_backend.TestAIInsight" name="test_ai_insight_cache" time="0.112" /></testsuite></testsuites>