<?xml version="1.0" encoding="utf-8"?><testsuites name="pytest tests"><testsuite name="pytest" errors="0" failures="0" skipped="0" tests="10" time="67.826" timestamp="2026-06-21T14:39:21.058306+00:00" hostname="agent-env-cc4ed2a9-63b5-404d-abb8-2b60dae5c830"><testcase classname="backend.tests.test_phase2.TestThemeProfile" name="test_set_theme_dark" time="0.450" /><testcase classname="backend.tests.test_phase2.TestThemeProfile" name="test_set_theme_light" time="0.183" /><testcase classname="backend.tests.test_phase2.TestBookmarks" name="test_bookmarks_requires_auth" time="0.090" /><testcase classname="backend.tests.test_phase2.TestBookmarks" name="test_toggle_scholarship_bookmark" time="0.263" /><testcase classname="backend.tests.test_phase2.TestBookmarks" name="test_toggle_company_bookmark_and_filter" time="0.177" /><testcase classname="backend.tests.test_phase2.TestCVGenerate" name="test_cv_requires_auth" time="0.105" /><testcase classname="backend.tests.test_phase2.TestCVGenerate" name="test_cv_pdf_minimal" time="10.526" /><testcase classname="backend.tests.test_phase2.TestCVGenerate" name="test_cv_validation_missing_required" time="0.114" /><testcase classname="backend.tests.test_phase2.TestReminderDispatcher" name="test_past_reminder_gets_dispatched" time="25.413" /><testcase classname="backend.tests.test_phase2.TestReminderDispatcher" name="test_daily_recurrence_rearms" time="30.460" /></testsuite></testsuites>